app-20191219T050910Z-001/app/build/intermediates/manifest_merge_blame_file/debug/manifest-merger-blame-debug-report.txt
1<?xml version="1.0" encoding="utf-8"?>
2<manifest xmlns:android="http://schemas.android.com/apk/res/android"
3    package="com.e.uttarauniversity"
4    android:versionCode="1"
5    android:versionName="1.0" >
6
7    <uses-sdk
8        android:minSdkVersion="15"
8-->src\main\AndroidManifest.xml
9        android:targetSdkVersion="29" />
9-->src\main\AndroidManifest.xml
10
11    <uses-permission android:name="android.permission.INTERNET" />
11-->src\main\AndroidManifest.xml:5:5-67
11-->src\main\AndroidManifest.xml:5:22-64
12    <uses-permission android:name="android.permission.ACCESS_NETWORK_STATE" />
12-->src\main\AndroidManifest.xml:6:5-78
12-->src\main\AndroidManifest.xml:6:22-76
13
14    <application
14-->src\main\AndroidManifest.xml:11:5-71:19
15        android:allowBackup="true"
15-->src\main\AndroidManifest.xml:14:9-35
16        android:appComponentFactory="androidx.core.app.CoreComponentFactory"
16-->[androidx.core:core:1.0.1] AndroidManifest.xml:22:18-86
17        android:debuggable="true"
18        android:icon="@drawable/images"
18-->src\main\AndroidManifest.xml:15:9-40
19        android:label="@string/app_name"
19-->src\main\AndroidManifest.xml:16:9-41
20        android:roundIcon="@drawable/images"
20-->src\main\AndroidManifest.xml:17:9-45
21        android:supportsRtl="true"
21-->src\main\AndroidManifest.xml:18:9-35
22        android:testOnly="true"
23        android:theme="@style/AppTheme" >
23-->src\main\AndroidManifest.xml:19:9-40
24        <activity android:name="com.e.uttarauniversity.Islamicstudiesdep" />
24-->src\main\AndroidManifest.xml:20:9-64
24-->src\main\AndroidManifest.xml:20:19-52
25        <activity android:name="com.e.uttarauniversity.BanglaDep" />
25-->src\main\AndroidManifest.xml:21:9-47
25-->src\main\AndroidManifest.xml:21:19-44
26        <activity android:name="com.e.uttarauniversity.LawDep" />
26-->src\main\AndroidManifest.xml:22:9-44
26-->src\main\AndroidManifest.xml:22:19-41
27        <activity android:name="com.e.uttarauniversity.EnglishDep" />
27-->src\main\AndroidManifest.xml:23:9-48
27-->src\main\AndroidManifest.xml:23:19-45
28        <activity android:name="com.e.uttarauniversity.PhysicVideo" />
28-->src\main\AndroidManifest.xml:24:9-49
28-->src\main\AndroidManifest.xml:24:19-46
29        <activity android:name="com.e.uttarauniversity.PhysicFacebook" />
29-->src\main\AndroidManifest.xml:25:9-52
29-->src\main\AndroidManifest.xml:25:19-49
30        <activity android:name="com.e.uttarauniversity.PhysicWebsite" />
30-->src\main\AndroidManifest.xml:26:9-51
30-->src\main\AndroidManifest.xml:26:19-48
31        <activity android:name="com.e.uttarauniversity.PhysicChairman" />
31-->src\main\AndroidManifest.xml:27:9-52
31-->src\main\AndroidManifest.xml:27:19-49
32        <activity android:name="com.e.uttarauniversity.PhysicsDep" />
32-->src\main\AndroidManifest.xml:28:9-48
32-->src\main\AndroidManifest.xml:28:19-45
33        <activity android:name="com.e.uttarauniversity.EEEvideo" />
33-->src\main\AndroidManifest.xml:29:9-46
33-->src\main\AndroidManifest.xml:29:19-43
34        <activity android:name="com.e.uttarauniversity.EEEwebsite" />
34-->src\main\AndroidManifest.xml:30:9-48
34-->src\main\AndroidManifest.xml:30:19-45
35        <activity android:name="com.e.uttarauniversity.EEEfacebook" />
35-->src\main\AndroidManifest.xml:31:9-49
35-->src\main\AndroidManifest.xml:31:19-46
36        <activity android:name="com.e.uttarauniversity.EEEchairman" />
36-->src\main\AndroidManifest.xml:32:9-49
36-->src\main\AndroidManifest.xml:32:19-46
37        <activity android:name="com.e.uttarauniversity.cseVideoActivity" />
37-->src\main\AndroidManifest.xml:33:9-54
37-->src\main\AndroidManifest.xml:33:19-51
38        <activity android:name="com.e.uttarauniversity.cseFacebookActivity" />
38-->src\main\AndroidManifest.xml:34:9-57
38-->src\main\AndroidManifest.xml:34:19-54
39        <activity android:name="com.e.uttarauniversity.cseWebsiteActivity" />
39-->src\main\AndroidManifest.xml:35:9-56
39-->src\main\AndroidManifest.xml:35:19-53
40        <activity android:name="com.e.uttarauniversity.cseChairmanActivity" />
40-->src\main\AndroidManifest.xml:36:9-57
40-->src\main\AndroidManifest.xml:36:19-54
41        <activity android:name="com.e.uttarauniversity.Mathematicsdepartment" />
41-->src\main\AndroidManifest.xml:37:9-59
41-->src\main\AndroidManifest.xml:37:19-56
42        <activity android:name="com.e.uttarauniversity.Physicsdepartment" />
42-->src\main\AndroidManifest.xml:38:9-55
42-->src\main\AndroidManifest.xml:38:19-52
43        <activity android:name="com.e.uttarauniversity.EEEdepartment" />
43-->src\main\AndroidManifest.xml:39:9-51
43-->src\main\AndroidManifest.xml:39:19-48
44        <activity android:name="com.e.uttarauniversity.CSEdepartment" />
44-->src\main\AndroidManifest.xml:40:9-51
44-->src\main\AndroidManifest.xml:40:19-48
45        <activity android:name="com.e.uttarauniversity.Busniessvideogallary" />
45-->src\main\AndroidManifest.xml:41:9-58
45-->src\main\AndroidManifest.xml:41:19-55
46        <activity android:name="com.e.uttarauniversity.Busniessfacebook" />
46-->src\main\AndroidManifest.xml:42:9-54
46-->src\main\AndroidManifest.xml:42:19-51
47        <activity android:name="com.e.uttarauniversity.Busniesswebsite" />
47-->src\main\AndroidManifest.xml:43:9-53
47-->src\main\AndroidManifest.xml:43:19-50
48        <activity android:name="com.e.uttarauniversity.BusniessChairman" />
48-->src\main\AndroidManifest.xml:44:9-54
48-->src\main\AndroidManifest.xml:44:19-51
49        <activity android:name="com.e.uttarauniversity.EducationDep" />
49-->src\main\AndroidManifest.xml:45:9-50
49-->src\main\AndroidManifest.xml:45:19-47
50        <activity android:name="com.e.uttarauniversity.TextileDep" />
50-->src\main\AndroidManifest.xml:46:9-48
50-->src\main\AndroidManifest.xml:46:19-45
51        <activity android:name="com.e.uttarauniversity.ArtsDep" />
51-->src\main\AndroidManifest.xml:47:9-45
51-->src\main\AndroidManifest.xml:47:19-42
52        <activity android:name="com.e.uttarauniversity.EngineeringDep" />
52-->src\main\AndroidManifest.xml:48:9-52
52-->src\main\AndroidManifest.xml:48:19-49
53        <activity android:name="com.e.uttarauniversity.BusinessDep" />
53-->src\main\AndroidManifest.xml:49:9-49
53-->src\main\AndroidManifest.xml:49:19-46
54        <activity android:name="com.e.uttarauniversity.ExamroutineActivity" />
54-->src\main\AndroidManifest.xml:50:9-57
54-->src\main\AndroidManifest.xml:50:19-54
55        <activity android:name="com.e.uttarauniversity.ClassroutineActivity" />
55-->src\main\AndroidManifest.xml:51:9-58
55-->src\main\AndroidManifest.xml:51:19-55
56        <activity android:name="com.e.uttarauniversity.TuitionfeesActivity" />
56-->src\main\AndroidManifest.xml:52:9-57
56-->src\main\AndroidManifest.xml:52:19-54
57        <activity android:name="com.e.uttarauniversity.ResultuuActivity" />
57-->src\main\AndroidManifest.xml:53:9-54
57-->src\main\AndroidManifest.xml:53:19-51
58        <activity android:name="com.e.uttarauniversity.ERPloginActivity" />
58-->src\main\AndroidManifest.xml:54:9-54
58-->src\main\AndroidManifest.xml:54:19-51
59        <activity android:name="com.e.uttarauniversity.NewalbumActivity" />
59-->src\main\AndroidManifest.xml:55:9-54
59-->src\main\AndroidManifest.xml:55:19-51
60        <activity android:name="com.e.uttarauniversity.OldalbumActivity" />
60-->src\main\AndroidManifest.xml:56:9-54
60-->src\main\AndroidManifest.xml:56:19-51
61        <activity android:name="com.e.uttarauniversity.ConvocationActivity" />
61-->src\main\AndroidManifest.xml:57:9-57
61-->src\main\AndroidManifest.xml:57:19-54
62        <activity android:name="com.e.uttarauniversity.SplashActiviy" >
62-->src\main\AndroidManifest.xml:58:9-64:20
62-->src\main\AndroidManifest.xml:58:19-48
63            <intent-filter>
63-->src\main\AndroidManifest.xml:59:13-63:29
64                <action android:name="android.intent.action.MAIN" />
64-->src\main\AndroidManifest.xml:60:17-69
64-->src\main\AndroidManifest.xml:60:25-66
65
66                <category android:name="android.intent.category.LAUNCHER" />
66-->src\main\AndroidManifest.xml:62:17-77
66-->src\main\AndroidManifest.xml:62:27-74
67            </intent-filter>
68        </activity>
69        <activity android:name="com.e.uttarauniversity.MainActivity" />
69-->src\main\AndroidManifest.xml:65:9-50
69-->src\main\AndroidManifest.xml:65:19-47
70        <activity android:name="com.e.uttarauniversity.DepartmentActivity" />
70-->src\main\AndroidManifest.xml:66:9-56
70-->src\main\AndroidManifest.xml:66:19-53
71        <activity android:name="com.e.uttarauniversity.Studentportal" />
71-->src\main\AndroidManifest.xml:67:9-51
71-->src\main\AndroidManifest.xml:67:19-48
72        <activity android:name="com.e.uttarauniversity.Gallary" />
72-->src\main\AndroidManifest.xml:68:9-45
72-->src\main\AndroidManifest.xml:68:19-42
73        <activity android:name="com.e.uttarauniversity.UUbus" />
73-->src\main\AndroidManifest.xml:69:9-43
73-->src\main\AndroidManifest.xml:69:19-40
74        <activity android:name="com.e.uttarauniversity.Aboutus" />
74-->src\main\AndroidManifest.xml:70:9-45
74-->src\main\AndroidManifest.xml:70:19-42
75    </application>
76
77</manifest>